<?xml version="1.0" encoding="UTF-8"?>
<!-- Generated by org.testng.reporters.JUnitReportReporter -->
<testsuite hostname="LAPTOP-MH082TRD" failures="0" tests="1" name="gitDemo.CommandsThree" time="0.012" errors="0" timestamp="2023-08-31T11:17:08 GMT-05:00" skipped="0">
  <testcase classname="gitDemo.CommandsThree" name="sampleTestThree" time="0.012"/>
</testsuite> <!-- gitDemo.CommandsThree -->
